<?xml version="1.0" encoding="UTF-8"?>
<!-- Generated by org.testng.reporters.JUnitReportReporter -->
<testsuite hostname="LAPTOP-1S3AHHGP" failures="0" tests="2" name="RestAssuredMethods.StaticImportRestAssuredLibrary" time="3.997" errors="0" timestamp="2022-06-27T22:42:54 IST" skipped="0">
  <testcase classname="RestAssuredMethods.StaticImportRestAssuredLibrary" name="restAssuerdStaticImport2" time="3.255"/>
  <system-out/>
  <testcase classname="RestAssuredMethods.StaticImportRestAssuredLibrary" name="restAssuredStaticImport1" time="0.742"/>
  <system-out/>
</testsuite> <!-- RestAssuredMethods.StaticImportRestAssuredLibrary -->
