<?xml version="1.0" encoding="UTF-8"?>
<!-- Generated by org.testng.reporters.JUnitReportReporter -->
<testsuite hostname="LAPTOP-1S3AHHGP" failures="0" tests="3" name="RestAssuredMethods.GetAndPostMethods" time="4.514" errors="0" timestamp="2022-06-28T14:24:58 IST" skipped="0">
  <testcase classname="RestAssuredMethods.GetAndPostMethods" name="postRequestOther" time="0.565"/>
  <system-out/>
  <testcase classname="RestAssuredMethods.GetAndPostMethods" name="postRequest" time="0.777"/>
  <system-out/>
  <testcase classname="RestAssuredMethods.GetAndPostMethods" name="get" time="3.172"/>
  <system-out/>
</testsuite> <!-- RestAssuredMethods.GetAndPostMethods -->
